[0m[[0m[0mdebug[0m] [0m[0mRunning TaskDef(CheckoutSpec, org.scalatest.tools.Framework$$anon$1@2238caad, false, [SuiteSelector])[0m
[0m[[0m[0mdebug[0m] [0m[0mRunning TaskDef(DateFormatterSpec, org.scalatest.tools.Framework$$anon$1@2238caad, false, [SuiteSelector])[0m
[0m[[0m[0minfo[0m] [0m[0m[32mCheckoutSpec:[0m[0m
[0m[[0m[0minfo[0m] [0m[0m[32mCheckout Service[0m[0m
[0m[[0m[0minfo[0m] [0m[0m[32m- should get correct price for a single apple[0m[0m
[0m[[0m[0minfo[0m] [0m[0m[32m- should get correct price for a single Orange[0m[0m
[0m[[0m[0minfo[0m] [0m[0m[32m- should return nothing for unrecognised items[0m[0m
[0m[[0m[0minfo[0m] [0m[0m[32m- should get correct totals for one item of each[0m[0m
[0m[[0m[0minfo[0m] [0m[0m[32m- should Apply the Deal for apple[0m[0m
[0m[[0m[0minfo[0m] [0m[0m[32m- should Apply the Deal for Oranges[0m[0m
[0m[[0m[0minfo[0m] [0m[0m[32m- should Apply the Deal for apples, but full price for 3rd[0m[0m
[0m[[0m[0minfo[0m] [0m[0m[32m- should Apply the Deal for apples, but full price for 4th[0m[0m
[0m[[0m[0minfo[0m] [0m[0m[32mDateFormatterSpec:[0m[0m
[0m[[0m[0minfo[0m] [0m[0m[32mDate Formatter[0m[0m
[0m[[0m[0minfo[0m] [0m[0m[32m- should return expected output when only valid response[0m[0m
[0m[[0m[0minfo[0m] [0m[0m[32m- should return expected output when multiple segments can refer to different time attributes[0m[0m
[0m[[0m[0minfo[0m] [0m[0m[31m- should return expected output when every number is the same *** FAILED ***[0m[0m
[0m[[0m[0minfo[0m] [0m[0m[31m  "[INVALID DATE]" was not equal to "[10-10-10]" (DateFormatterSpec.scala:17)[0m[0m
[0m[[0m[0minfo[0m] [0m[0m[32m- should return invalid response when dates are invalid[0m[0m
[0m[[0m[0minfo[0m] [0m[0m[32myearFormatter[0m[0m
[0m[[0m[0minfo[0m] [0m[0m[32m- should add 2000 if the year contains two digits[0m[0m
[0m[[0m[0minfo[0m] [0m[0m[36mRun completed in 604 milliseconds.[0m[0m
[0m[[0m[0minfo[0m] [0m[0m[36mTotal number of tests run: 13[0m[0m
[0m[[0m[0minfo[0m] [0m[0m[36mSuites: completed 2, aborted 0[0m[0m
[0m[[0m[0minfo[0m] [0m[0m[36mTests: succeeded 12, failed 1, canceled 0, ignored 0, pending 0[0m[0m
[0m[[0m[0minfo[0m] [0m[0m[31m*** 1 TEST FAILED ***[0m[0m
[0m[[0m[0mdebug[0m] [0m[0mPassed tests:[0m
[0m[[0m[0mdebug[0m] [0m[0m	CheckoutSpec[0m
[0m[[0m[31merror[0m] [0m[0mFailed tests:[0m
[0m[[0m[31merror[0m] [0m[0m	DateFormatterSpec[0m
[0m[[0m[31merror[0m] [0m[0m(Test / [31mtest[0m) sbt.TestsFailedException: Tests unsuccessful[0m
